<?xml version="1.0" encoding="UTF-8"?>
<!-- Generated by org.testng.reporters.JUnitXMLReporter -->
<testsuite hostname="mukeshacharya" ignored="1" name="personnel loan" tests="2" failures="1" timestamp="08 Jan 2019 12:40:49 GMT" time="0.366" errors="0">
  <testcase name="demo3" time="0.041" classname="testcases.test2"/>
  <testcase name="addStockTest" time="0.194" classname="testcases.AddDelStockTest">
    <failure type="java.lang.IllegalStateException" message="The path to the driver executable must be set by the webdriver.chrome.driver system property; for more information, see https://github.com/SeleniumHQ/selenium/wiki/ChromeDriver. The latest version can be downloaded from http://chromedriver.storage.googleapis.com/index.html">
      <![CDATA[java.lang.IllegalStateException: The path to the driver executable must be set by the webdriver.chrome.driver system property; for more information, see https://github.com/SeleniumHQ/selenium/wiki/ChromeDriver. The latest version can be downloaded from http://chromedriver.storage.googleapis.com/index.html
at com.google.common.base.Preconditions.checkState(Preconditions.java:847)
at org.openqa.selenium.remote.service.DriverService.findExecutable(DriverService.java:134)
at org.openqa.selenium.chrome.ChromeDriverService.access$000(ChromeDriverService.java:35)
at org.openqa.selenium.chrome.ChromeDriverService$Builder.findDefaultExecutable(ChromeDriverService.java:159)
at org.openqa.selenium.remote.service.DriverService$Builder.build(DriverService.java:355)
at org.openqa.selenium.chrome.ChromeDriverService.createDefaultService(ChromeDriverService.java:94)
at org.openqa.selenium.chrome.ChromeDriver.<init>(ChromeDriver.java:123)
at testcases.AddDelStockTest.addStockTest(AddDelStockTest.java:36)
... Removed 25 stack frames]]>
    </failure>
  </testcase> <!-- addStockTest -->
  <testcase name="deleteStockTest" time="0.0" classname="testcases.AddDelStockTest">
    <ignored/>
  </testcase> <!-- deleteStockTest -->
</testsuite> <!-- personnel loan -->
